[1.022s] Invoking command in '/home/ahmed/go2goal_ws/src/project_pkg': PYTHONPATH=/home/ahmed/go2goal_ws/build/project_pkg/prefix_override:/home/ahmed/go2goal_ws/install/project_pkg/lib/python3.10/site-packages:${PYTHONPATH} /usr/bin/python3 setup.py egg_info --egg-base ../../build/project_pkg build --build-base /home/ahmed/go2goal_ws/build/project_pkg/build install --record /home/ahmed/go2goal_ws/build/project_pkg/install.log --single-version-externally-managed
[1.279s] running egg_info
[1.279s] creating ../../build/project_pkg/project_pkg.egg-info
[1.280s] writing ../../build/project_pkg/project_pkg.egg-info/PKG-INFO
[1.280s] writing dependency_links to ../../build/project_pkg/project_pkg.egg-info/dependency_links.txt
[1.280s] writing entry points to ../../build/project_pkg/project_pkg.egg-info/entry_points.txt
[1.280s] writing requirements to ../../build/project_pkg/project_pkg.egg-info/requires.txt
[1.280s] writing top-level names to ../../build/project_pkg/project_pkg.egg-info/top_level.txt
[1.280s] writing manifest file '../../build/project_pkg/project_pkg.egg-info/SOURCES.txt'
[1.282s] reading manifest file '../../build/project_pkg/project_pkg.egg-info/SOURCES.txt'
[1.282s] writing manifest file '../../build/project_pkg/project_pkg.egg-info/SOURCES.txt'
[1.282s] running build
[1.282s] running build_py
[1.283s] creating /home/ahmed/go2goal_ws/build/project_pkg/build
[1.283s] creating /home/ahmed/go2goal_ws/build/project_pkg/build/lib
[1.283s] creating /home/ahmed/go2goal_ws/build/project_pkg/build/lib/project_pkg
[1.283s] copying project_pkg/__init__.py -> /home/ahmed/go2goal_ws/build/project_pkg/build/lib/project_pkg
[1.283s] running install
[1.283s] running install_lib
[1.284s] creating /home/ahmed/go2goal_ws/install/project_pkg/lib/python3.10/site-packages/project_pkg
[1.284s] copying /home/ahmed/go2goal_ws/build/project_pkg/build/lib/project_pkg/__init__.py -> /home/ahmed/go2goal_ws/install/project_pkg/lib/python3.10/site-packages/project_pkg
[1.284s] byte-compiling /home/ahmed/go2goal_ws/install/project_pkg/lib/python3.10/site-packages/project_pkg/__init__.py to __init__.cpython-310.pyc
[1.284s] running install_data
[1.285s] creating /home/ahmed/go2goal_ws/install/project_pkg/share/ament_index
[1.285s] creating /home/ahmed/go2goal_ws/install/project_pkg/share/ament_index/resource_index
[1.285s] creating /home/ahmed/go2goal_ws/install/project_pkg/share/ament_index/resource_index/packages
[1.286s] copying resource/project_pkg -> /home/ahmed/go2goal_ws/install/project_pkg/share/ament_index/resource_index/packages
[1.287s] copying package.xml -> /home/ahmed/go2goal_ws/install/project_pkg/share/project_pkg
[1.287s] running install_egg_info
[1.289s] Copying ../../build/project_pkg/project_pkg.egg-info to /home/ahmed/go2goal_ws/install/project_pkg/lib/python3.10/site-packages/project_pkg-0.0.0-py3.10.egg-info
[1.289s] running install_scripts
[1.312s] writing list of installed files to '/home/ahmed/go2goal_ws/build/project_pkg/install.log'
[1.338s] Invoked command in '/home/ahmed/go2goal_ws/src/project_pkg' returned '0': PYTHONPATH=/home/ahmed/go2goal_ws/build/project_pkg/prefix_override:/home/ahmed/go2goal_ws/install/project_pkg/lib/python3.10/site-packages:${PYTHONPATH} /usr/bin/python3 setup.py egg_info --egg-base ../../build/project_pkg build --build-base /home/ahmed/go2goal_ws/build/project_pkg/build install --record /home/ahmed/go2goal_ws/build/project_pkg/install.log --single-version-externally-managed
