running egg_info
writing ../../build/project_pkg/project_pkg.egg-info/PKG-INFO
writing dependency_links to ../../build/project_pkg/project_pkg.egg-info/dependency_links.txt
writing entry points to ../../build/project_pkg/project_pkg.egg-info/entry_points.txt
writing requirements to ../../build/project_pkg/project_pkg.egg-info/requires.txt
writing top-level names to ../../build/project_pkg/project_pkg.egg-info/top_level.txt
reading manifest file '../../build/project_pkg/project_pkg.egg-info/SOURCES.txt'
writing manifest file '../../build/project_pkg/project_pkg.egg-info/SOURCES.txt'
running build
running build_py
copying project_pkg/control_node.py -> /home/ahmed/go2goal_ws/build/project_pkg/build/lib/project_pkg
running install
running install_lib
copying /home/ahmed/go2goal_ws/build/project_pkg/build/lib/project_pkg/control_node.py -> /home/ahmed/go2goal_ws/install/project_pkg/lib/python3.10/site-packages/project_pkg
byte-compiling /home/ahmed/go2goal_ws/install/project_pkg/lib/python3.10/site-packages/project_pkg/control_node.py to control_node.cpython-310.pyc
running install_data
running install_egg_info
removing '/home/ahmed/go2goal_ws/install/project_pkg/lib/python3.10/site-packages/project_pkg-0.0.0-py3.10.egg-info' (and everything under it)
Copying ../../build/project_pkg/project_pkg.egg-info to /home/ahmed/go2goal_ws/install/project_pkg/lib/python3.10/site-packages/project_pkg-0.0.0-py3.10.egg-info
running install_scripts
writing list of installed files to '/home/ahmed/go2goal_ws/build/project_pkg/install.log'
