[1.069s] Invoking command in '/home/ahmed/go2goal_ws/src/project_pkg': PYTHONPATH=/home/ahmed/go2goal_ws/build/project_pkg/prefix_override:/home/ahmed/go2goal_ws/install/project_pkg/lib/python3.10/site-packages:${PYTHONPATH} /usr/bin/python3 setup.py egg_info --egg-base ../../build/project_pkg build --build-base /home/ahmed/go2goal_ws/build/project_pkg/build install --record /home/ahmed/go2goal_ws/build/project_pkg/install.log --single-version-externally-managed
[1.318s] running egg_info
[1.319s] writing ../../build/project_pkg/project_pkg.egg-info/PKG-INFO
[1.320s] writing dependency_links to ../../build/project_pkg/project_pkg.egg-info/dependency_links.txt
[1.320s] writing entry points to ../../build/project_pkg/project_pkg.egg-info/entry_points.txt
[1.320s] writing requirements to ../../build/project_pkg/project_pkg.egg-info/requires.txt
[1.320s] writing top-level names to ../../build/project_pkg/project_pkg.egg-info/top_level.txt
[1.322s] reading manifest file '../../build/project_pkg/project_pkg.egg-info/SOURCES.txt'
[1.350s] writing manifest file '../../build/project_pkg/project_pkg.egg-info/SOURCES.txt'
[1.350s] running build
[1.350s] running build_py
[1.351s] copying project_pkg/control_node.py -> /home/ahmed/go2goal_ws/build/project_pkg/build/lib/project_pkg
[1.351s] running install
[1.351s] running install_lib
[1.352s] copying /home/ahmed/go2goal_ws/build/project_pkg/build/lib/project_pkg/control_node.py -> /home/ahmed/go2goal_ws/install/project_pkg/lib/python3.10/site-packages/project_pkg
[1.353s] byte-compiling /home/ahmed/go2goal_ws/install/project_pkg/lib/python3.10/site-packages/project_pkg/control_node.py to control_node.cpython-310.pyc
[1.355s] running install_data
[1.356s] running install_egg_info
[1.360s] removing '/home/ahmed/go2goal_ws/install/project_pkg/lib/python3.10/site-packages/project_pkg-0.0.0-py3.10.egg-info' (and everything under it)
[1.370s] Copying ../../build/project_pkg/project_pkg.egg-info to /home/ahmed/go2goal_ws/install/project_pkg/lib/python3.10/site-packages/project_pkg-0.0.0-py3.10.egg-info
[1.373s] running install_scripts
[1.392s] writing list of installed files to '/home/ahmed/go2goal_ws/build/project_pkg/install.log'
[1.425s] Invoked command in '/home/ahmed/go2goal_ws/src/project_pkg' returned '0': PYTHONPATH=/home/ahmed/go2goal_ws/build/project_pkg/prefix_override:/home/ahmed/go2goal_ws/install/project_pkg/lib/python3.10/site-packages:${PYTHONPATH} /usr/bin/python3 setup.py egg_info --egg-base ../../build/project_pkg build --build-base /home/ahmed/go2goal_ws/build/project_pkg/build install --record /home/ahmed/go2goal_ws/build/project_pkg/install.log --single-version-externally-managed
